<?xml version="1.0" encoding="UTF-8"?>
<!-- Generated by org.testng.reporters.JUnitReportReporter -->
<testsuite hostname="DESKTOP-TC4O5GA" name="ahead.com.Demo1" tests="1" failures="0" timestamp="14 Mar 2019 01:06:19 GMT" time="125.711" errors="0">
  <testcase name="openchrome" time="125.711" classname="ahead.com.Demo1"/>
</testsuite> <!-- ahead.com.Demo1 -->
